2015-06-04 11:49:40,586 ERROR: Failed to find any loadable ArgoUML modules in jar /Applications/ArgoUML.app/Contents/Resources/Java/ext/anarres-cpp-no-dependencies-1.2.3.jar (ModuleLoader2.java:652)
2015-06-04 11:49:40,661 ERROR: Failed to find any loadable ArgoUML modules in jar /Applications/ArgoUML.app/Contents/Resources/Java/ext/antlr-2.7.7.jar (ModuleLoader2.java:652)
2015-06-04 11:49:40,694 ERROR: Failed to find any loadable ArgoUML modules in jar /Applications/ArgoUML.app/Contents/Resources/Java/ext/antlr-runtime-3.1.1.jar (ModuleLoader2.java:652)
2015-06-04 11:49:41,290  WARN: No class name translation found for panel: Primitive (MetaDataCache.java:129)
2015-06-04 11:50:44,072 ERROR: Last chance error handler in AWT thread caught (AwtExceptionHandler.java:57)
org.argouml.model.InvalidElementException: UUID: -64--88-1-106--2fbb8f37:14dbce72914:-8000:0000000000000867
	at org.argouml.model.mdr.FacadeMDRImpl.getName(FacadeMDRImpl.java:4025)
	at org.argouml.model.mdr.FacadeMDRImpl.getTipString(FacadeMDRImpl.java:4531)
	at org.argouml.uml.diagram.ui.FigNodeModelElement.getTipString(FigNodeModelElement.java:1039)
	at org.tigris.gef.base.Editor.mouseMoved(Editor.java:902)
	at java.awt.AWTEventMulticaster.mouseMoved(AWTEventMulticaster.java:312)
	at java.awt.Component.processMouseMotionEvent(Component.java:6459)
	at javax.swing.JComponent.processMouseMotionEvent(JComponent.java:3293)
	at java.awt.Component.processEvent(Component.java:6183)
	at java.awt.Container.processEvent(Container.java:2084)
	at java.awt.Component.dispatchEventImpl(Component.java:4776)
	at java.awt.Container.dispatchEventImpl(Container.java:2142)
	at java.awt.Component.dispatchEvent(Component.java:4604)
	at java.awt.LightweightDispatcher.retargetMouseEvent(Container.java:4618)
	at java.awt.LightweightDispatcher.processMouseEvent(Container.java:4292)
	at java.awt.LightweightDispatcher.dispatchEvent(Container.java:4209)
	at java.awt.Container.dispatchEventImpl(Container.java:2128)
	at java.awt.Window.dispatchEventImpl(Window.java:2492)
	at java.awt.Component.dispatchEvent(Component.java:4604)
	at java.awt.EventQueue.dispatchEventImpl(EventQueue.java:717)
	at java.awt.EventQueue.access$400(EventQueue.java:82)
	at java.awt.EventQueue$2.run(EventQueue.java:676)
	at java.awt.EventQueue$2.run(EventQueue.java:674)
	at java.security.AccessController.doPrivileged(Native Method)
	at java.security.AccessControlContext$1.doIntersectionPrivilege(AccessControlContext.java:86)
	at java.security.AccessControlContext$1.doIntersectionPrivilege(AccessControlContext.java:97)
	at java.awt.EventQueue$3.run(EventQueue.java:690)
	at java.awt.EventQueue$3.run(EventQueue.java:688)
	at java.security.AccessController.doPrivileged(Native Method)
	at java.security.AccessControlContext$1.doIntersectionPrivilege(AccessControlContext.java:86)
	at java.awt.EventQueue.dispatchEvent(EventQueue.java:687)
	at java.awt.EventDispatchThread.pumpOneEventForFilters(EventDispatchThread.java:296)
	at java.awt.EventDispatchThread.pumpEventsForFilter(EventDispatchThread.java:211)
	at java.awt.EventDispatchThread.pumpEventsForHierarchy(EventDispatchThread.java:201)
	at java.awt.EventDispatchThread.pumpEvents(EventDispatchThread.java:196)
	at java.awt.EventDispatchThread.pumpEvents(EventDispatchThread.java:188)
	at java.awt.EventDispatchThread.run(EventDispatchThread.java:122)
Caused by: javax.jmi.reflect.InvalidObjectException: Object with MOFID -64--88-1-106--2fbb8f37:14dbce72914:-8000:0000000000000867 no longer exists.
	at org.netbeans.mdr.handlers.BaseObjectHandler._getDelegate(BaseObjectHandler.java:353)
	at org.netbeans.mdr.handlers.InstanceHandler.getInstanceDelegate(InstanceHandler.java:48)
	at org.netbeans.mdr.handlers.InstanceHandler._handleGet(InstanceHandler.java:193)
	at org.omg.uml.behavioralelements.collaborations.ClassifierRole$Impl.getName(Unknown Source)
	at org.argouml.model.mdr.FacadeMDRImpl.getName(FacadeMDRImpl.java:3987)
	... 35 more
2015-06-04 11:51:15,694 ERROR: While calling targetAdded for org.argouml.ui.targetmanager.TargetEvent[source=org.argouml.ui.targetmanager.TargetManager@8094cc7] in org.argouml.uml.ui.TabProps[,11,33,899x214,invalid,hidden,layout=java.awt.BorderLayout,alignmentX=0.0,alignmentY=0.0,border=,flags=9,maximumSize=,minimumSize=,preferredSize=] an error is thrown. (TargetManager.java:797)
org.argouml.model.InvalidElementException: javax.jmi.reflect.InvalidObjectException: Object with MOFID -64--88-1-106--2fbb8f37:14dbce72914:-8000:0000000000000867 no longer exists.
	at org.argouml.model.mdr.FacadeMDRImpl.getBases(FacadeMDRImpl.java:1394)
	at org.argouml.core.propertypanels.ui.UMLClassifierRoleAvailableContentsListModel.removeModelEventListener(UMLClassifierRoleAvailableContentsListModel.java:154)
	at org.argouml.core.propertypanels.ui.RowSelector.removeNotify(RowSelector.java:590)
	at java.awt.Container.removeNotify(Container.java:2652)
	at javax.swing.JComponent.removeNotify(JComponent.java:4709)
	at java.awt.Container.removeAll(Container.java:1223)
	at org.argouml.core.propertypanels.ui.XmlPropertyPanel.removeNotify(XmlPropertyPanel.java:118)
	at java.awt.Container.remove(Container.java:1139)
	at java.awt.Container.remove(Container.java:1197)
	at org.argouml.uml.ui.TabProps.setTarget(TabProps.java:227)
	at org.argouml.uml.ui.TabProps.targetAdded(TabProps.java:356)
	at org.argouml.ui.targetmanager.TargetManager.fireTargetAdded(TargetManager.java:793)
	at org.argouml.ui.targetmanager.TargetManager.internalOnSetTarget(TargetManager.java:478)
	at org.argouml.ui.targetmanager.TargetManager.addTarget(TargetManager.java:619)
	at org.argouml.uml.diagram.ui.TabDiagram.selectionChanged(TabDiagram.java:311)
	at org.tigris.gef.base.SelectionManager.fireSelectionChanged(SelectionManager.java:1032)
	at org.tigris.gef.base.SelectionManager.select(SelectionManager.java:182)
	at org.tigris.gef.base.ModeSelect.mousePressed(ModeSelect.java:187)
	at org.tigris.gef.base.ModeManager.mousePressed(ModeManager.java:230)
	at org.tigris.gef.base.Editor.mousePressed(Editor.java:841)
	at java.awt.AWTEventMulticaster.mousePressed(AWTEventMulticaster.java:262)
	at java.awt.Component.processMouseEvent(Component.java:6411)
	at javax.swing.JComponent.processMouseEvent(JComponent.java:3275)
	at org.tigris.gef.graph.presentation.JGraphInternalPane.processMouseEvent(JGraph.java:673)
	at java.awt.Component.processEvent(Component.java:6179)
	at java.awt.Container.processEvent(Container.java:2084)
	at java.awt.Component.dispatchEventImpl(Component.java:4776)
	at java.awt.Container.dispatchEventImpl(Container.java:2142)
	at java.awt.Component.dispatchEvent(Component.java:4604)
	at java.awt.LightweightDispatcher.retargetMouseEvent(Container.java:4618)
	at java.awt.LightweightDispatcher.processMouseEvent(Container.java:4276)
	at java.awt.LightweightDispatcher.dispatchEvent(Container.java:4209)
	at java.awt.Container.dispatchEventImpl(Container.java:2128)
	at java.awt.Window.dispatchEventImpl(Window.java:2492)
	at java.awt.Component.dispatchEvent(Component.java:4604)
	at java.awt.EventQueue.dispatchEventImpl(EventQueue.java:717)
	at java.awt.EventQueue.access$400(EventQueue.java:82)
	at java.awt.EventQueue$2.run(EventQueue.java:676)
	at java.awt.EventQueue$2.run(EventQueue.java:674)
	at java.security.AccessController.doPrivileged(Native Method)
	at java.security.AccessControlContext$1.doIntersectionPrivilege(AccessControlContext.java:86)
	at java.security.AccessControlContext$1.doIntersectionPrivilege(AccessControlContext.java:97)
	at java.awt.EventQueue$3.run(EventQueue.java:690)
	at java.awt.EventQueue$3.run(EventQueue.java:688)
	at java.security.AccessController.doPrivileged(Native Method)
	at java.security.AccessControlContext$1.doIntersectionPrivilege(AccessControlContext.java:86)
	at java.awt.EventQueue.dispatchEvent(EventQueue.java:687)
	at java.awt.EventDispatchThread.pumpOneEventForFilters(EventDispatchThread.java:296)
	at java.awt.EventDispatchThread.pumpEventsForFilter(EventDispatchThread.java:211)
	at java.awt.EventDispatchThread.pumpEventsForHierarchy(EventDispatchThread.java:201)
	at java.awt.EventDispatchThread.pumpEvents(EventDispatchThread.java:196)
	at java.awt.EventDispatchThread.pumpEvents(EventDispatchThread.java:188)
	at java.awt.EventDispatchThread.run(EventDispatchThread.java:122)
Caused by: javax.jmi.reflect.InvalidObjectException: Object with MOFID -64--88-1-106--2fbb8f37:14dbce72914:-8000:0000000000000867 no longer exists.
	at org.netbeans.mdr.handlers.BaseObjectHandler._getDelegate(BaseObjectHandler.java:353)
	at org.netbeans.mdr.handlers.InstanceHandler.getInstanceDelegate(InstanceHandler.java:48)
	at org.netbeans.mdr.handlers.InstanceHandler._handleGetR(InstanceHandler.java:103)
	at org.omg.uml.behavioralelements.collaborations.ClassifierRole$Impl.getBase(Unknown Source)
	at org.argouml.model.mdr.FacadeMDRImpl.getBases(FacadeMDRImpl.java:1391)
	... 52 more
2015-06-04 11:51:25,375 ERROR: Last chance error handler in AWT thread caught (AwtExceptionHandler.java:57)
org.argouml.model.InvalidElementException: UUID: -64--88-1-106--2fbb8f37:14dbce72914:-8000:0000000000000867
	at org.argouml.model.mdr.FacadeMDRImpl.getName(FacadeMDRImpl.java:4025)
	at org.argouml.core.propertypanels.ui.UMLModelElementNameDocument.getProperty(UMLModelElementNameDocument.java:74)
	at org.argouml.core.propertypanels.ui.UMLPlainTextDocument.setPropertyInternal(UMLPlainTextDocument.java:175)
	at org.argouml.core.propertypanels.ui.UMLPlainTextDocument.insertString(UMLPlainTextDocument.java:151)
	at javax.swing.text.AbstractDocument.replace(AbstractDocument.java:655)
	at javax.swing.text.JTextComponent.replaceSelection(JTextComponent.java:1351)
	at javax.swing.text.DefaultEditorKit$DefaultKeyTypedAction.actionPerformed(DefaultEditorKit.java:864)
	at javax.swing.SwingUtilities.notifyAction(SwingUtilities.java:1645)
	at javax.swing.JComponent.processKeyBinding(JComponent.java:2859)
	at javax.swing.JComponent.processKeyBindings(JComponent.java:2894)
	at javax.swing.JComponent.processKeyEvent(JComponent.java:2822)
	at java.awt.Component.processEvent(Component.java:6191)
	at java.awt.Container.processEvent(Container.java:2084)
	at java.awt.Component.dispatchEventImpl(Component.java:4776)
	at java.awt.Container.dispatchEventImpl(Container.java:2142)
	at java.awt.Component.dispatchEvent(Component.java:4604)
	at java.awt.KeyboardFocusManager.redispatchEvent(KeyboardFocusManager.java:1856)
	at java.awt.DefaultKeyboardFocusManager.dispatchKeyEvent(DefaultKeyboardFocusManager.java:722)
	at java.awt.DefaultKeyboardFocusManager.preDispatchKeyEvent(DefaultKeyboardFocusManager.java:1000)
	at java.awt.DefaultKeyboardFocusManager.typeAheadAssertions(DefaultKeyboardFocusManager.java:865)
	at java.awt.DefaultKeyboardFocusManager.dispatchEvent(DefaultKeyboardFocusManager.java:686)
	at java.awt.Component.dispatchEventImpl(Component.java:4648)
	at java.awt.Container.dispatchEventImpl(Container.java:2142)
	at java.awt.Window.dispatchEventImpl(Window.java:2492)
	at java.awt.Component.dispatchEvent(Component.java:4604)
	at java.awt.EventQueue.dispatchEventImpl(EventQueue.java:717)
	at java.awt.EventQueue.access$400(EventQueue.java:82)
	at java.awt.EventQueue$2.run(EventQueue.java:676)
	at java.awt.EventQueue$2.run(EventQueue.java:674)
	at java.security.AccessController.doPrivileged(Native Method)
	at java.security.AccessControlContext$1.doIntersectionPrivilege(AccessControlContext.java:86)
	at java.security.AccessControlContext$1.doIntersectionPrivilege(AccessControlContext.java:97)
	at java.awt.EventQueue$3.run(EventQueue.java:690)
	at java.awt.EventQueue$3.run(EventQueue.java:688)
	at java.security.AccessController.doPrivileged(Native Method)
	at java.security.AccessControlContext$1.doIntersectionPrivilege(AccessControlContext.java:86)
	at java.awt.EventQueue.dispatchEvent(EventQueue.java:687)
	at java.awt.EventDispatchThread.pumpOneEventForFilters(EventDispatchThread.java:296)
	at java.awt.EventDispatchThread.pumpEventsForFilter(EventDispatchThread.java:211)
	at java.awt.EventDispatchThread.pumpEventsForHierarchy(EventDispatchThread.java:201)
	at java.awt.EventDispatchThread.pumpEvents(EventDispatchThread.java:196)
	at java.awt.EventDispatchThread.pumpEvents(EventDispatchThread.java:188)
	at java.awt.EventDispatchThread.run(EventDispatchThread.java:122)
Caused by: javax.jmi.reflect.InvalidObjectException: Object with MOFID -64--88-1-106--2fbb8f37:14dbce72914:-8000:0000000000000867 no longer exists.
	at org.netbeans.mdr.handlers.BaseObjectHandler._getDelegate(BaseObjectHandler.java:353)
	at org.netbeans.mdr.handlers.InstanceHandler.getInstanceDelegate(InstanceHandler.java:48)
	at org.netbeans.mdr.handlers.InstanceHandler._handleGet(InstanceHandler.java:193)
	at org.omg.uml.behavioralelements.collaborations.ClassifierRole$Impl.getName(Unknown Source)
	at org.argouml.model.mdr.FacadeMDRImpl.getName(FacadeMDRImpl.java:3987)
	... 42 more
2015-06-04 11:51:25,583 ERROR: Last chance error handler in AWT thread caught (AwtExceptionHandler.java:57)
org.argouml.model.InvalidElementException: UUID: -64--88-1-106--2fbb8f37:14dbce72914:-8000:0000000000000867
	at org.argouml.model.mdr.FacadeMDRImpl.getName(FacadeMDRImpl.java:4025)
	at org.argouml.core.propertypanels.ui.UMLModelElementNameDocument.getProperty(UMLModelElementNameDocument.java:74)
	at org.argouml.core.propertypanels.ui.UMLPlainTextDocument.setPropertyInternal(UMLPlainTextDocument.java:175)
	at org.argouml.core.propertypanels.ui.UMLPlainTextDocument.insertString(UMLPlainTextDocument.java:151)
	at javax.swing.text.AbstractDocument.replace(AbstractDocument.java:655)
	at javax.swing.text.JTextComponent.replaceSelection(JTextComponent.java:1351)
	at javax.swing.text.DefaultEditorKit$DefaultKeyTypedAction.actionPerformed(DefaultEditorKit.java:864)
	at javax.swing.SwingUtilities.notifyAction(SwingUtilities.java:1645)
	at javax.swing.JComponent.processKeyBinding(JComponent.java:2859)
	at javax.swing.JComponent.processKeyBindings(JComponent.java:2894)
	at javax.swing.JComponent.processKeyEvent(JComponent.java:2822)
	at java.awt.Component.processEvent(Component.java:6191)
	at java.awt.Container.processEvent(Container.java:2084)
	at java.awt.Component.dispatchEventImpl(Component.java:4776)
	at java.awt.Container.dispatchEventImpl(Container.java:2142)
	at java.awt.Component.dispatchEvent(Component.java:4604)
	at java.awt.KeyboardFocusManager.redispatchEvent(KeyboardFocusManager.java:1856)
	at java.awt.DefaultKeyboardFocusManager.dispatchKeyEvent(DefaultKeyboardFocusManager.java:722)
	at java.awt.DefaultKeyboardFocusManager.preDispatchKeyEvent(DefaultKeyboardFocusManager.java:1000)
	at java.awt.DefaultKeyboardFocusManager.typeAheadAssertions(DefaultKeyboardFocusManager.java:865)
	at java.awt.DefaultKeyboardFocusManager.dispatchEvent(DefaultKeyboardFocusManager.java:686)
	at java.awt.Component.dispatchEventImpl(Component.java:4648)
	at java.awt.Container.dispatchEventImpl(Container.java:2142)
	at java.awt.Window.dispatchEventImpl(Window.java:2492)
	at java.awt.Component.dispatchEvent(Component.java:4604)
	at java.awt.EventQueue.dispatchEventImpl(EventQueue.java:717)
	at java.awt.EventQueue.access$400(EventQueue.java:82)
	at java.awt.EventQueue$2.run(EventQueue.java:676)
	at java.awt.EventQueue$2.run(EventQueue.java:674)
	at java.security.AccessController.doPrivileged(Native Method)
	at java.security.AccessControlContext$1.doIntersectionPrivilege(AccessControlContext.java:86)
	at java.security.AccessControlContext$1.doIntersectionPrivilege(AccessControlContext.java:97)
	at java.awt.EventQueue$3.run(EventQueue.java:690)
	at java.awt.EventQueue$3.run(EventQueue.java:688)
	at java.security.AccessController.doPrivileged(Native Method)
	at java.security.AccessControlContext$1.doIntersectionPrivilege(AccessControlContext.java:86)
	at java.awt.EventQueue.dispatchEvent(EventQueue.java:687)
	at java.awt.EventDispatchThread.pumpOneEventForFilters(EventDispatchThread.java:296)
	at java.awt.EventDispatchThread.pumpEventsForFilter(EventDispatchThread.java:211)
	at java.awt.EventDispatchThread.pumpEventsForHierarchy(EventDispatchThread.java:201)
	at java.awt.EventDispatchThread.pumpEvents(EventDispatchThread.java:196)
	at java.awt.EventDispatchThread.pumpEvents(EventDispatchThread.java:188)
	at java.awt.EventDispatchThread.run(EventDispatchThread.java:122)
Caused by: javax.jmi.reflect.InvalidObjectException: Object with MOFID -64--88-1-106--2fbb8f37:14dbce72914:-8000:0000000000000867 no longer exists.
	at org.netbeans.mdr.handlers.BaseObjectHandler._getDelegate(BaseObjectHandler.java:353)
	at org.netbeans.mdr.handlers.InstanceHandler.getInstanceDelegate(InstanceHandler.java:48)
	at org.netbeans.mdr.handlers.InstanceHandler._handleGet(InstanceHandler.java:193)
	at org.omg.uml.behavioralelements.collaborations.ClassifierRole$Impl.getName(Unknown Source)
	at org.argouml.model.mdr.FacadeMDRImpl.getName(FacadeMDRImpl.java:3987)
	... 42 more
2015-06-04 11:51:25,647 ERROR: Last chance error handler in AWT thread caught (AwtExceptionHandler.java:57)
org.argouml.model.InvalidElementException: UUID: -64--88-1-106--2fbb8f37:14dbce72914:-8000:0000000000000867
	at org.argouml.model.mdr.FacadeMDRImpl.getName(FacadeMDRImpl.java:4025)
	at org.argouml.core.propertypanels.ui.UMLModelElementNameDocument.getProperty(UMLModelElementNameDocument.java:74)
	at org.argouml.core.propertypanels.ui.UMLPlainTextDocument.setPropertyInternal(UMLPlainTextDocument.java:175)
	at org.argouml.core.propertypanels.ui.UMLPlainTextDocument.insertString(UMLPlainTextDocument.java:151)
	at javax.swing.text.AbstractDocument.replace(AbstractDocument.java:655)
	at javax.swing.text.JTextComponent.replaceSelection(JTextComponent.java:1351)
	at javax.swing.text.DefaultEditorKit$DefaultKeyTypedAction.actionPerformed(DefaultEditorKit.java:864)
	at javax.swing.SwingUtilities.notifyAction(SwingUtilities.java:1645)
	at javax.swing.JComponent.processKeyBinding(JComponent.java:2859)
	at javax.swing.JComponent.processKeyBindings(JComponent.java:2894)
	at javax.swing.JComponent.processKeyEvent(JComponent.java:2822)
	at java.awt.Component.processEvent(Component.java:6191)
	at java.awt.Container.processEvent(Container.java:2084)
	at java.awt.Component.dispatchEventImpl(Component.java:4776)
	at java.awt.Container.dispatchEventImpl(Container.java:2142)
	at java.awt.Component.dispatchEvent(Component.java:4604)
	at java.awt.KeyboardFocusManager.redispatchEvent(KeyboardFocusManager.java:1856)
	at java.awt.DefaultKeyboardFocusManager.dispatchKeyEvent(DefaultKeyboardFocusManager.java:722)
	at java.awt.DefaultKeyboardFocusManager.preDispatchKeyEvent(DefaultKeyboardFocusManager.java:1000)
	at java.awt.DefaultKeyboardFocusManager.typeAheadAssertions(DefaultKeyboardFocusManager.java:865)
	at java.awt.DefaultKeyboardFocusManager.dispatchEvent(DefaultKeyboardFocusManager.java:686)
	at java.awt.Component.dispatchEventImpl(Component.java:4648)
	at java.awt.Container.dispatchEventImpl(Container.java:2142)
	at java.awt.Window.dispatchEventImpl(Window.java:2492)
	at java.awt.Component.dispatchEvent(Component.java:4604)
	at java.awt.EventQueue.dispatchEventImpl(EventQueue.java:717)
	at java.awt.EventQueue.access$400(EventQueue.java:82)
	at java.awt.EventQueue$2.run(EventQueue.java:676)
	at java.awt.EventQueue$2.run(EventQueue.java:674)
	at java.security.AccessController.doPrivileged(Native Method)
	at java.security.AccessControlContext$1.doIntersectionPrivilege(AccessControlContext.java:86)
	at java.security.AccessControlContext$1.doIntersectionPrivilege(AccessControlContext.java:97)
	at java.awt.EventQueue$3.run(EventQueue.java:690)
	at java.awt.EventQueue$3.run(EventQueue.java:688)
	at java.security.AccessController.doPrivileged(Native Method)
	at java.security.AccessControlContext$1.doIntersectionPrivilege(AccessControlContext.java:86)
	at java.awt.EventQueue.dispatchEvent(EventQueue.java:687)
	at java.awt.EventDispatchThread.pumpOneEventForFilters(EventDispatchThread.java:296)
	at java.awt.EventDispatchThread.pumpEventsForFilter(EventDispatchThread.java:211)
	at java.awt.EventDispatchThread.pumpEventsForHierarchy(EventDispatchThread.java:201)
	at java.awt.EventDispatchThread.pumpEvents(EventDispatchThread.java:196)
	at java.awt.EventDispatchThread.pumpEvents(EventDispatchThread.java:188)
	at java.awt.EventDispatchThread.run(EventDispatchThread.java:122)
Caused by: javax.jmi.reflect.InvalidObjectException: Object with MOFID -64--88-1-106--2fbb8f37:14dbce72914:-8000:0000000000000867 no longer exists.
	at org.netbeans.mdr.handlers.BaseObjectHandler._getDelegate(BaseObjectHandler.java:353)
	at org.netbeans.mdr.handlers.InstanceHandler.getInstanceDelegate(InstanceHandler.java:48)
	at org.netbeans.mdr.handlers.InstanceHandler._handleGet(InstanceHandler.java:193)
	at org.omg.uml.behavioralelements.collaborations.ClassifierRole$Impl.getName(Unknown Source)
	at org.argouml.model.mdr.FacadeMDRImpl.getName(FacadeMDRImpl.java:3987)
	... 42 more
2015-06-04 11:51:25,895 ERROR: Last chance error handler in AWT thread caught (AwtExceptionHandler.java:57)
org.argouml.model.InvalidElementException: UUID: -64--88-1-106--2fbb8f37:14dbce72914:-8000:0000000000000867
	at org.argouml.model.mdr.FacadeMDRImpl.getName(FacadeMDRImpl.java:4025)
	at org.argouml.core.propertypanels.ui.UMLModelElementNameDocument.getProperty(UMLModelElementNameDocument.java:74)
	at org.argouml.core.propertypanels.ui.UMLPlainTextDocument.setPropertyInternal(UMLPlainTextDocument.java:175)
	at org.argouml.core.propertypanels.ui.UMLPlainTextDocument.insertString(UMLPlainTextDocument.java:151)
	at javax.swing.text.AbstractDocument.replace(AbstractDocument.java:655)
	at javax.swing.text.JTextComponent.replaceSelection(JTextComponent.java:1351)
	at javax.swing.text.DefaultEditorKit$DefaultKeyTypedAction.actionPerformed(DefaultEditorKit.java:864)
	at javax.swing.SwingUtilities.notifyAction(SwingUtilities.java:1645)
	at javax.swing.JComponent.processKeyBinding(JComponent.java:2859)
	at javax.swing.JComponent.processKeyBindings(JComponent.java:2894)
	at javax.swing.JComponent.processKeyEvent(JComponent.java:2822)
	at java.awt.Component.processEvent(Component.java:6191)
	at java.awt.Container.processEvent(Container.java:2084)
	at java.awt.Component.dispatchEventImpl(Component.java:4776)
	at java.awt.Container.dispatchEventImpl(Container.java:2142)
	at java.awt.Component.dispatchEvent(Component.java:4604)
	at java.awt.KeyboardFocusManager.redispatchEvent(KeyboardFocusManager.java:1856)
	at java.awt.DefaultKeyboardFocusManager.dispatchKeyEvent(DefaultKeyboardFocusManager.java:722)
	at java.awt.DefaultKeyboardFocusManager.preDispatchKeyEvent(DefaultKeyboardFocusManager.java:1000)
	at java.awt.DefaultKeyboardFocusManager.typeAheadAssertions(DefaultKeyboardFocusManager.java:865)
	at java.awt.DefaultKeyboardFocusManager.dispatchEvent(DefaultKeyboardFocusManager.java:686)
	at java.awt.Component.dispatchEventImpl(Component.java:4648)
	at java.awt.Container.dispatchEventImpl(Container.java:2142)
	at java.awt.Window.dispatchEventImpl(Window.java:2492)
	at java.awt.Component.dispatchEvent(Component.java:4604)
	at java.awt.EventQueue.dispatchEventImpl(EventQueue.java:717)
	at java.awt.EventQueue.access$400(EventQueue.java:82)
	at java.awt.EventQueue$2.run(EventQueue.java:676)
	at java.awt.EventQueue$2.run(EventQueue.java:674)
	at java.security.AccessController.doPrivileged(Native Method)
	at java.security.AccessControlContext$1.doIntersectionPrivilege(AccessControlContext.java:86)
	at java.security.AccessControlContext$1.doIntersectionPrivilege(AccessControlContext.java:97)
	at java.awt.EventQueue$3.run(EventQueue.java:690)
	at java.awt.EventQueue$3.run(EventQueue.java:688)
	at java.security.AccessController.doPrivileged(Native Method)
	at java.security.AccessControlContext$1.doIntersectionPrivilege(AccessControlContext.java:86)
	at java.awt.EventQueue.dispatchEvent(EventQueue.java:687)
	at java.awt.EventDispatchThread.pumpOneEventForFilters(EventDispatchThread.java:296)
	at java.awt.EventDispatchThread.pumpEventsForFilter(EventDispatchThread.java:211)
	at java.awt.EventDispatchThread.pumpEventsForHierarchy(EventDispatchThread.java:201)
	at java.awt.EventDispatchThread.pumpEvents(EventDispatchThread.java:196)
	at java.awt.EventDispatchThread.pumpEvents(EventDispatchThread.java:188)
	at java.awt.EventDispatchThread.run(EventDispatchThread.java:122)
Caused by: javax.jmi.reflect.InvalidObjectException: Object with MOFID -64--88-1-106--2fbb8f37:14dbce72914:-8000:0000000000000867 no longer exists.
	at org.netbeans.mdr.handlers.BaseObjectHandler._getDelegate(BaseObjectHandler.java:353)
	at org.netbeans.mdr.handlers.InstanceHandler.getInstanceDelegate(InstanceHandler.java:48)
	at org.netbeans.mdr.handlers.InstanceHandler._handleGet(InstanceHandler.java:193)
	at org.omg.uml.behavioralelements.collaborations.ClassifierRole$Impl.getName(Unknown Source)
	at org.argouml.model.mdr.FacadeMDRImpl.getName(FacadeMDRImpl.java:3987)
	... 42 more
2015-06-04 11:51:26,103 ERROR: Last chance error handler in AWT thread caught (AwtExceptionHandler.java:57)
org.argouml.model.InvalidElementException: UUID: -64--88-1-106--2fbb8f37:14dbce72914:-8000:0000000000000867
	at org.argouml.model.mdr.FacadeMDRImpl.getName(FacadeMDRImpl.java:4025)
	at org.argouml.core.propertypanels.ui.UMLModelElementNameDocument.getProperty(UMLModelElementNameDocument.java:74)
	at org.argouml.core.propertypanels.ui.UMLPlainTextDocument.setPropertyInternal(UMLPlainTextDocument.java:175)
	at org.argouml.core.propertypanels.ui.UMLPlainTextDocument.insertString(UMLPlainTextDocument.java:151)
	at javax.swing.text.AbstractDocument.replace(AbstractDocument.java:655)
	at javax.swing.text.JTextComponent.replaceSelection(JTextComponent.java:1351)
	at javax.swing.text.DefaultEditorKit$DefaultKeyTypedAction.actionPerformed(DefaultEditorKit.java:864)
	at javax.swing.SwingUtilities.notifyAction(SwingUtilities.java:1645)
	at javax.swing.JComponent.processKeyBinding(JComponent.java:2859)
	at javax.swing.JComponent.processKeyBindings(JComponent.java:2894)
	at javax.swing.JComponent.processKeyEvent(JComponent.java:2822)
	at java.awt.Component.processEvent(Component.java:6191)
	at java.awt.Container.processEvent(Container.java:2084)
	at java.awt.Component.dispatchEventImpl(Component.java:4776)
	at java.awt.Container.dispatchEventImpl(Container.java:2142)
	at java.awt.Component.dispatchEvent(Component.java:4604)
	at java.awt.KeyboardFocusManager.redispatchEvent(KeyboardFocusManager.java:1856)
	at java.awt.DefaultKeyboardFocusManager.dispatchKeyEvent(DefaultKeyboardFocusManager.java:722)
	at java.awt.DefaultKeyboardFocusManager.preDispatchKeyEvent(DefaultKeyboardFocusManager.java:1000)
	at java.awt.DefaultKeyboardFocusManager.typeAheadAssertions(DefaultKeyboardFocusManager.java:865)
	at java.awt.DefaultKeyboardFocusManager.dispatchEvent(DefaultKeyboardFocusManager.java:686)
	at java.awt.Component.dispatchEventImpl(Component.java:4648)
	at java.awt.Container.dispatchEventImpl(Container.java:2142)
	at java.awt.Window.dispatchEventImpl(Window.java:2492)
	at java.awt.Component.dispatchEvent(Component.java:4604)
	at java.awt.EventQueue.dispatchEventImpl(EventQueue.java:717)
	at java.awt.EventQueue.access$400(EventQueue.java:82)
	at java.awt.EventQueue$2.run(EventQueue.java:676)
	at java.awt.EventQueue$2.run(EventQueue.java:674)
	at java.security.AccessController.doPrivileged(Native Method)
	at java.security.AccessControlContext$1.doIntersectionPrivilege(AccessControlContext.java:86)
	at java.security.AccessControlContext$1.doIntersectionPrivilege(AccessControlContext.java:97)
	at java.awt.EventQueue$3.run(EventQueue.java:690)
	at java.awt.EventQueue$3.run(EventQueue.java:688)
	at java.security.AccessController.doPrivileged(Native Method)
	at java.security.AccessControlContext$1.doIntersectionPrivilege(AccessControlContext.java:86)
	at java.awt.EventQueue.dispatchEvent(EventQueue.java:687)
	at java.awt.EventDispatchThread.pumpOneEventForFilters(EventDispatchThread.java:296)
	at java.awt.EventDispatchThread.pumpEventsForFilter(EventDispatchThread.java:211)
	at java.awt.EventDispatchThread.pumpEventsForHierarchy(EventDispatchThread.java:201)
	at java.awt.EventDispatchThread.pumpEvents(EventDispatchThread.java:196)
	at java.awt.EventDispatchThread.pumpEvents(EventDispatchThread.java:188)
	at java.awt.EventDispatchThread.run(EventDispatchThread.java:122)
Caused by: javax.jmi.reflect.InvalidObjectException: Object with MOFID -64--88-1-106--2fbb8f37:14dbce72914:-8000:0000000000000867 no longer exists.
	at org.netbeans.mdr.handlers.BaseObjectHandler._getDelegate(BaseObjectHandler.java:353)
	at org.netbeans.mdr.handlers.InstanceHandler.getInstanceDelegate(InstanceHandler.java:48)
	at org.netbeans.mdr.handlers.InstanceHandler._handleGet(InstanceHandler.java:193)
	at org.omg.uml.behavioralelements.collaborations.ClassifierRole$Impl.getName(Unknown Source)
	at org.argouml.model.mdr.FacadeMDRImpl.getName(FacadeMDRImpl.java:3987)
	... 42 more
2015-06-04 11:51:26,167 ERROR: Last chance error handler in AWT thread caught (AwtExceptionHandler.java:57)
org.argouml.model.InvalidElementException: UUID: -64--88-1-106--2fbb8f37:14dbce72914:-8000:0000000000000867
	at org.argouml.model.mdr.FacadeMDRImpl.getName(FacadeMDRImpl.java:4025)
	at org.argouml.core.propertypanels.ui.UMLModelElementNameDocument.getProperty(UMLModelElementNameDocument.java:74)
	at org.argouml.core.propertypanels.ui.UMLPlainTextDocument.setPropertyInternal(UMLPlainTextDocument.java:175)
	at org.argouml.core.propertypanels.ui.UMLPlainTextDocument.insertString(UMLPlainTextDocument.java:151)
	at javax.swing.text.AbstractDocument.replace(AbstractDocument.java:655)
	at javax.swing.text.JTextComponent.replaceSelection(JTextComponent.java:1351)
	at javax.swing.text.DefaultEditorKit$DefaultKeyTypedAction.actionPerformed(DefaultEditorKit.java:864)
	at javax.swing.SwingUtilities.notifyAction(SwingUtilities.java:1645)
	at javax.swing.JComponent.processKeyBinding(JComponent.java:2859)
	at javax.swing.JComponent.processKeyBindings(JComponent.java:2894)
	at javax.swing.JComponent.processKeyEvent(JComponent.java:2822)
	at java.awt.Component.processEvent(Component.java:6191)
	at java.awt.Container.processEvent(Container.java:2084)
	at java.awt.Component.dispatchEventImpl(Component.java:4776)
	at java.awt.Container.dispatchEventImpl(Container.java:2142)
	at java.awt.Component.dispatchEvent(Component.java:4604)
	at java.awt.KeyboardFocusManager.redispatchEvent(KeyboardFocusManager.java:1856)
	at java.awt.DefaultKeyboardFocusManager.dispatchKeyEvent(DefaultKeyboardFocusManager.java:722)
	at java.awt.DefaultKeyboardFocusManager.preDispatchKeyEvent(DefaultKeyboardFocusManager.java:1000)
	at java.awt.DefaultKeyboardFocusManager.typeAheadAssertions(DefaultKeyboardFocusManager.java:865)
	at java.awt.DefaultKeyboardFocusManager.dispatchEvent(DefaultKeyboardFocusManager.java:686)
	at java.awt.Component.dispatchEventImpl(Component.java:4648)
	at java.awt.Container.dispatchEventImpl(Container.java:2142)
	at java.awt.Window.dispatchEventImpl(Window.java:2492)
	at java.awt.Component.dispatchEvent(Component.java:4604)
	at java.awt.EventQueue.dispatchEventImpl(EventQueue.java:717)
	at java.awt.EventQueue.access$400(EventQueue.java:82)
	at java.awt.EventQueue$2.run(EventQueue.java:676)
	at java.awt.EventQueue$2.run(EventQueue.java:674)
	at java.security.AccessController.doPrivileged(Native Method)
	at java.security.AccessControlContext$1.doIntersectionPrivilege(AccessControlContext.java:86)
	at java.security.AccessControlContext$1.doIntersectionPrivilege(AccessControlContext.java:97)
	at java.awt.EventQueue$3.run(EventQueue.java:690)
	at java.awt.EventQueue$3.run(EventQueue.java:688)
	at java.security.AccessController.doPrivileged(Native Method)
	at java.security.AccessControlContext$1.doIntersectionPrivilege(AccessControlContext.java:86)
	at java.awt.EventQueue.dispatchEvent(EventQueue.java:687)
	at java.awt.EventDispatchThread.pumpOneEventForFilters(EventDispatchThread.java:296)
	at java.awt.EventDispatchThread.pumpEventsForFilter(EventDispatchThread.java:211)
	at java.awt.EventDispatchThread.pumpEventsForHierarchy(EventDispatchThread.java:201)
	at java.awt.EventDispatchThread.pumpEvents(EventDispatchThread.java:196)
	at java.awt.EventDispatchThread.pumpEvents(EventDispatchThread.java:188)
	at java.awt.EventDispatchThread.run(EventDispatchThread.java:122)
Caused by: javax.jmi.reflect.InvalidObjectException: Object with MOFID -64--88-1-106--2fbb8f37:14dbce72914:-8000:0000000000000867 no longer exists.
	at org.netbeans.mdr.handlers.BaseObjectHandler._getDelegate(BaseObjectHandler.java:353)
	at org.netbeans.mdr.handlers.InstanceHandler.getInstanceDelegate(InstanceHandler.java:48)
	at org.netbeans.mdr.handlers.InstanceHandler._handleGet(InstanceHandler.java:193)
	at org.omg.uml.behavioralelements.collaborations.ClassifierRole$Impl.getName(Unknown Source)
	at org.argouml.model.mdr.FacadeMDRImpl.getName(FacadeMDRImpl.java:3987)
	... 42 more
2015-06-04 11:51:32,833 ERROR: Last chance error handler in AWT thread caught (AwtExceptionHandler.java:57)
org.argouml.model.InvalidElementException: javax.jmi.reflect.InvalidObjectException: Object with MOFID -64--88-1-106--2fbb8f37:14dbce72914:-8000:0000000000000867 no longer exists.
	at org.argouml.model.mdr.FacadeMDRImpl.getNamespace(FacadeMDRImpl.java:2734)
	at org.argouml.core.propertypanels.ui.UMLModelElementNamespaceComboBoxModel.getSelectedModelElement(UMLModelElementNamespaceComboBoxModel.java:147)
	at org.argouml.core.propertypanels.ui.UMLComboBoxModel.popupMenuWillBecomeVisible(UMLComboBoxModel.java:758)
	at javax.swing.JComboBox.firePopupMenuWillBecomeVisible(JComboBox.java:938)
	at com.apple.laf.AquaComboBoxPopup.show(AquaComboBoxPopup.java:101)
	at javax.swing.plaf.basic.BasicComboPopup.togglePopup(BasicComboPopup.java:1131)
	at javax.swing.plaf.basic.BasicComboPopup$Handler.mousePressed(BasicComboPopup.java:817)
	at java.awt.AWTEventMulticaster.mousePressed(AWTEventMulticaster.java:263)
	at java.awt.Component.processMouseEvent(Component.java:6411)
	at javax.swing.JComponent.processMouseEvent(JComponent.java:3275)
	at java.awt.Component.processEvent(Component.java:6179)
	at java.awt.Container.processEvent(Container.java:2084)
	at java.awt.Component.dispatchEventImpl(Component.java:4776)
	at java.awt.Container.dispatchEventImpl(Container.java:2142)
	at java.awt.Component.dispatchEvent(Component.java:4604)
	at java.awt.LightweightDispatcher.retargetMouseEvent(Container.java:4618)
	at java.awt.LightweightDispatcher.processMouseEvent(Container.java:4276)
	at java.awt.LightweightDispatcher.dispatchEvent(Container.java:4209)
	at java.awt.Container.dispatchEventImpl(Container.java:2128)
	at java.awt.Window.dispatchEventImpl(Window.java:2492)
	at java.awt.Component.dispatchEvent(Component.java:4604)
	at java.awt.EventQueue.dispatchEventImpl(EventQueue.java:717)
	at java.awt.EventQueue.access$400(EventQueue.java:82)
	at java.awt.EventQueue$2.run(EventQueue.java:676)
	at java.awt.EventQueue$2.run(EventQueue.java:674)
	at java.security.AccessController.doPrivileged(Native Method)
	at java.security.AccessControlContext$1.doIntersectionPrivilege(AccessControlContext.java:86)
	at java.security.AccessControlContext$1.doIntersectionPrivilege(AccessControlContext.java:97)
	at java.awt.EventQueue$3.run(EventQueue.java:690)
	at java.awt.EventQueue$3.run(EventQueue.java:688)
	at java.security.AccessController.doPrivileged(Native Method)
	at java.security.AccessControlContext$1.doIntersectionPrivilege(AccessControlContext.java:86)
	at java.awt.EventQueue.dispatchEvent(EventQueue.java:687)
	at java.awt.EventDispatchThread.pumpOneEventForFilters(EventDispatchThread.java:296)
	at java.awt.EventDispatchThread.pumpEventsForFilter(EventDispatchThread.java:211)
	at java.awt.EventDispatchThread.pumpEventsForHierarchy(EventDispatchThread.java:201)
	at java.awt.EventDispatchThread.pumpEvents(EventDispatchThread.java:196)
	at java.awt.EventDispatchThread.pumpEvents(EventDispatchThread.java:188)
	at java.awt.EventDispatchThread.run(EventDispatchThread.java:122)
Caused by: javax.jmi.reflect.InvalidObjectException: Object with MOFID -64--88-1-106--2fbb8f37:14dbce72914:-8000:0000000000000867 no longer exists.
	at org.netbeans.mdr.handlers.BaseObjectHandler._getDelegate(BaseObjectHandler.java:353)
	at org.netbeans.mdr.handlers.InstanceHandler.getInstanceDelegate(InstanceHandler.java:48)
	at org.netbeans.mdr.handlers.InstanceHandler._handleGetR(InstanceHandler.java:103)
	at org.omg.uml.behavioralelements.collaborations.ClassifierRole$Impl.getNamespace(Unknown Source)
	at org.argouml.model.mdr.FacadeMDRImpl.getNamespace(FacadeMDRImpl.java:2732)
	... 38 more
2015-06-04 11:51:34,736 ERROR: Last chance error handler in AWT thread caught (AwtExceptionHandler.java:57)
org.argouml.model.InvalidElementException: javax.jmi.reflect.InvalidObjectException: Object with MOFID -64--88-1-106--2fbb8f37:14dbce72914:-8000:0000000000000867 no longer exists.
	at org.argouml.model.mdr.FacadeMDRImpl.getMultiplicity(FacadeMDRImpl.java:2253)
	at org.argouml.model.mdr.UndoCoreHelperDecorator.setMultiplicity(UndoCoreHelperDecorator.java:309)
	at org.argouml.core.propertypanels.ui.UMLMultiplicityPanel$MultiplicityComboBox.doOnEdit(UMLMultiplicityPanel.java:182)
	at org.argouml.core.propertypanels.ui.UMLEditableComboBox.focusLost(UMLEditableComboBox.java:390)
	at java.awt.AWTEventMulticaster.focusLost(AWTEventMulticaster.java:213)
	at java.awt.Component.processFocusEvent(Component.java:6306)
	at java.awt.Component.processEvent(Component.java:6170)
	at java.awt.Container.processEvent(Container.java:2084)
	at java.awt.Component.dispatchEventImpl(Component.java:4776)
	at java.awt.Container.dispatchEventImpl(Container.java:2142)
	at java.awt.Component.dispatchEvent(Component.java:4604)
	at java.awt.KeyboardFocusManager.redispatchEvent(KeyboardFocusManager.java:1856)
	at java.awt.DefaultKeyboardFocusManager.typeAheadAssertions(DefaultKeyboardFocusManager.java:920)
	at java.awt.DefaultKeyboardFocusManager.dispatchEvent(DefaultKeyboardFocusManager.java:578)
	at java.awt.Component.dispatchEventImpl(Component.java:4648)
	at java.awt.Container.dispatchEventImpl(Container.java:2142)
	at java.awt.Component.dispatchEvent(Component.java:4604)
	at java.awt.EventQueue.dispatchEventImpl(EventQueue.java:717)
	at java.awt.EventQueue.access$400(EventQueue.java:82)
	at java.awt.EventQueue$2.run(EventQueue.java:676)
	at java.awt.EventQueue$2.run(EventQueue.java:674)
	at java.security.AccessController.doPrivileged(Native Method)
	at java.security.AccessControlContext$1.doIntersectionPrivilege(AccessControlContext.java:86)
	at java.security.AccessControlContext$1.doIntersectionPrivilege(AccessControlContext.java:97)
	at java.awt.EventQueue$3.run(EventQueue.java:690)
	at java.awt.EventQueue$3.run(EventQueue.java:688)
	at java.security.AccessController.doPrivileged(Native Method)
	at java.security.AccessControlContext$1.doIntersectionPrivilege(AccessControlContext.java:86)
	at java.awt.EventQueue.dispatchEvent(EventQueue.java:687)
	at java.awt.EventDispatchThread.pumpOneEventForFilters(EventDispatchThread.java:296)
	at java.awt.EventDispatchThread.pumpEventsForFilter(EventDispatchThread.java:211)
	at java.awt.EventDispatchThread.pumpEventsForHierarchy(EventDispatchThread.java:201)
	at java.awt.EventDispatchThread.pumpEvents(EventDispatchThread.java:196)
	at java.awt.EventDispatchThread.pumpEvents(EventDispatchThread.java:188)
	at java.awt.EventDispatchThread.run(EventDispatchThread.java:122)
Caused by: javax.jmi.reflect.InvalidObjectException: Object with MOFID -64--88-1-106--2fbb8f37:14dbce72914:-8000:0000000000000867 no longer exists.
	at org.netbeans.mdr.handlers.BaseObjectHandler._getDelegate(BaseObjectHandler.java:353)
	at org.netbeans.mdr.handlers.InstanceHandler.getInstanceDelegate(InstanceHandler.java:48)
	at org.netbeans.mdr.handlers.InstanceHandler._handleGet(InstanceHandler.java:193)
	at org.omg.uml.behavioralelements.collaborations.ClassifierRole$Impl.getMultiplicity(Unknown Source)
	at org.argouml.model.mdr.FacadeMDRImpl.getMultiplicity(FacadeMDRImpl.java:2244)
	... 34 more
2015-06-04 11:51:47,200 ERROR: Last chance error handler in AWT thread caught (AwtExceptionHandler.java:57)
org.argouml.model.InvalidElementException: javax.jmi.reflect.InvalidObjectException: Object with MOFID -64--88-1-106--2fbb8f37:14dbce72914:-8000:0000000000000867 no longer exists.
	at org.argouml.model.mdr.FacadeMDRImpl.getModelElementContainer(FacadeMDRImpl.java:2379)
	at org.argouml.core.propertypanels.ui.NavigateUpAction.actionPerformed(NavigateUpAction.java:43)
	at javax.swing.AbstractButton.fireActionPerformed(AbstractButton.java:2028)
	at javax.swing.AbstractButton$Handler.actionPerformed(AbstractButton.java:2351)
	at javax.swing.DefaultButtonModel.fireActionPerformed(DefaultButtonModel.java:387)
	at javax.swing.DefaultButtonModel.setPressed(DefaultButtonModel.java:242)
	at javax.swing.plaf.basic.BasicButtonListener.mouseReleased(BasicButtonListener.java:236)
	at java.awt.AWTEventMulticaster.mouseReleased(AWTEventMulticaster.java:272)
	at java.awt.Component.processMouseEvent(Component.java:6414)
	at javax.swing.JComponent.processMouseEvent(JComponent.java:3275)
	at java.awt.Component.processEvent(Component.java:6179)
	at java.awt.Container.processEvent(Container.java:2084)
	at java.awt.Component.dispatchEventImpl(Component.java:4776)
	at java.awt.Container.dispatchEventImpl(Container.java:2142)
	at java.awt.Component.dispatchEvent(Component.java:4604)
	at java.awt.LightweightDispatcher.retargetMouseEvent(Container.java:4618)
	at java.awt.LightweightDispatcher.processMouseEvent(Container.java:4279)
	at java.awt.LightweightDispatcher.dispatchEvent(Container.java:4209)
	at java.awt.Container.dispatchEventImpl(Container.java:2128)
	at java.awt.Window.dispatchEventImpl(Window.java:2492)
	at java.awt.Component.dispatchEvent(Component.java:4604)
	at java.awt.EventQueue.dispatchEventImpl(EventQueue.java:717)
	at java.awt.EventQueue.access$400(EventQueue.java:82)
	at java.awt.EventQueue$2.run(EventQueue.java:676)
	at java.awt.EventQueue$2.run(EventQueue.java:674)
	at java.security.AccessController.doPrivileged(Native Method)
	at java.security.AccessControlContext$1.doIntersectionPrivilege(AccessControlContext.java:86)
	at java.security.AccessControlContext$1.doIntersectionPrivilege(AccessControlContext.java:97)
	at java.awt.EventQueue$3.run(EventQueue.java:690)
	at java.awt.EventQueue$3.run(EventQueue.java:688)
	at java.security.AccessController.doPrivileged(Native Method)
	at java.security.AccessControlContext$1.doIntersectionPrivilege(AccessControlContext.java:86)
	at java.awt.EventQueue.dispatchEvent(EventQueue.java:687)
	at java.awt.EventDispatchThread.pumpOneEventForFilters(EventDispatchThread.java:296)
	at java.awt.EventDispatchThread.pumpEventsForFilter(EventDispatchThread.java:211)
	at java.awt.EventDispatchThread.pumpEventsForHierarchy(EventDispatchThread.java:201)
	at java.awt.EventDispatchThread.pumpEvents(EventDispatchThread.java:196)
	at java.awt.EventDispatchThread.pumpEvents(EventDispatchThread.java:188)
	at java.awt.EventDispatchThread.run(EventDispatchThread.java:122)
Caused by: javax.jmi.reflect.InvalidObjectException: Object with MOFID -64--88-1-106--2fbb8f37:14dbce72914:-8000:0000000000000867 no longer exists.
	at org.netbeans.mdr.handlers.BaseObjectHandler._getDelegate(BaseObjectHandler.java:353)
	at org.netbeans.mdr.handlers.InstanceHandler.getInstanceDelegate(InstanceHandler.java:48)
	at org.netbeans.mdr.handlers.InstanceHandler._immediateComposite(InstanceHandler.java:251)
	at org.netbeans.mdr.handlers.InstanceHandler.refImmediateComposite(InstanceHandler.java:243)
	at org.argouml.model.mdr.FacadeMDRImpl.getModelElementContainer(FacadeMDRImpl.java:2376)
	... 38 more
2015-06-04 11:51:48,224 ERROR: Last chance error handler in AWT thread caught (AwtExceptionHandler.java:57)
org.argouml.model.InvalidElementException: javax.jmi.reflect.InvalidObjectException: Object with MOFID -64--88-1-106--2fbb8f37:14dbce72914:-8000:0000000000000867 no longer exists.
	at org.argouml.model.mdr.FacadeMDRImpl.getModelElementContainer(FacadeMDRImpl.java:2379)
	at org.argouml.core.propertypanels.ui.NavigateUpAction.actionPerformed(NavigateUpAction.java:43)
	at javax.swing.AbstractButton.fireActionPerformed(AbstractButton.java:2028)
	at javax.swing.AbstractButton$Handler.actionPerformed(AbstractButton.java:2351)
	at javax.swing.DefaultButtonModel.fireActionPerformed(DefaultButtonModel.java:387)
	at javax.swing.DefaultButtonModel.setPressed(DefaultButtonModel.java:242)
	at javax.swing.plaf.basic.BasicButtonListener.mouseReleased(BasicButtonListener.java:236)
	at java.awt.AWTEventMulticaster.mouseReleased(AWTEventMulticaster.java:272)
	at java.awt.Component.processMouseEvent(Component.java:6414)
	at javax.swing.JComponent.processMouseEvent(JComponent.java:3275)
	at java.awt.Component.processEvent(Component.java:6179)
	at java.awt.Container.processEvent(Container.java:2084)
	at java.awt.Component.dispatchEventImpl(Component.java:4776)
	at java.awt.Container.dispatchEventImpl(Container.java:2142)
	at java.awt.Component.dispatchEvent(Component.java:4604)
	at java.awt.LightweightDispatcher.retargetMouseEvent(Container.java:4618)
	at java.awt.LightweightDispatcher.processMouseEvent(Container.java:4279)
	at java.awt.LightweightDispatcher.dispatchEvent(Container.java:4209)
	at java.awt.Container.dispatchEventImpl(Container.java:2128)
	at java.awt.Window.dispatchEventImpl(Window.java:2492)
	at java.awt.Component.dispatchEvent(Component.java:4604)
	at java.awt.EventQueue.dispatchEventImpl(EventQueue.java:717)
	at java.awt.EventQueue.access$400(EventQueue.java:82)
	at java.awt.EventQueue$2.run(EventQueue.java:676)
	at java.awt.EventQueue$2.run(EventQueue.java:674)
	at java.security.AccessController.doPrivileged(Native Method)
	at java.security.AccessControlContext$1.doIntersectionPrivilege(AccessControlContext.java:86)
	at java.security.AccessControlContext$1.doIntersectionPrivilege(AccessControlContext.java:97)
	at java.awt.EventQueue$3.run(EventQueue.java:690)
	at java.awt.EventQueue$3.run(EventQueue.java:688)
	at java.security.AccessController.doPrivileged(Native Method)
	at java.security.AccessControlContext$1.doIntersectionPrivilege(AccessControlContext.java:86)
	at java.awt.EventQueue.dispatchEvent(EventQueue.java:687)
	at java.awt.EventDispatchThread.pumpOneEventForFilters(EventDispatchThread.java:296)
	at java.awt.EventDispatchThread.pumpEventsForFilter(EventDispatchThread.java:211)
	at java.awt.EventDispatchThread.pumpEventsForHierarchy(EventDispatchThread.java:201)
	at java.awt.EventDispatchThread.pumpEvents(EventDispatchThread.java:196)
	at java.awt.EventDispatchThread.pumpEvents(EventDispatchThread.java:188)
	at java.awt.EventDispatchThread.run(EventDispatchThread.java:122)
Caused by: javax.jmi.reflect.InvalidObjectException: Object with MOFID -64--88-1-106--2fbb8f37:14dbce72914:-8000:0000000000000867 no longer exists.
	at org.netbeans.mdr.handlers.BaseObjectHandler._getDelegate(BaseObjectHandler.java:353)
	at org.netbeans.mdr.handlers.InstanceHandler.getInstanceDelegate(InstanceHandler.java:48)
	at org.netbeans.mdr.handlers.InstanceHandler._immediateComposite(InstanceHandler.java:251)
	at org.netbeans.mdr.handlers.InstanceHandler.refImmediateComposite(InstanceHandler.java:243)
	at org.argouml.model.mdr.FacadeMDRImpl.getModelElementContainer(FacadeMDRImpl.java:2376)
	... 38 more
2015-06-04 11:51:58,771 ERROR: While calling targetAdded for org.argouml.ui.targetmanager.TargetEvent[source=org.argouml.ui.targetmanager.TargetManager@8094cc7] in org.argouml.uml.ui.TabProps[,11,33,899x214,invalid,hidden,layout=java.awt.BorderLayout,alignmentX=0.0,alignmentY=0.0,border=,flags=9,maximumSize=,minimumSize=,preferredSize=] an error is thrown. (TargetManager.java:797)
org.argouml.model.InvalidElementException: javax.jmi.reflect.InvalidObjectException: Object with MOFID -64--88-1-106--2fbb8f37:14dbce72914:-8000:0000000000000867 no longer exists.
	at org.argouml.model.mdr.FacadeMDRImpl.getBases(FacadeMDRImpl.java:1394)
	at org.argouml.core.propertypanels.ui.UMLClassifierRoleAvailableFeaturesListModel.removeModelEventListener(UMLClassifierRoleAvailableFeaturesListModel.java:157)
	at org.argouml.core.propertypanels.ui.RowSelector.removeNotify(RowSelector.java:590)
	at java.awt.Container.removeNotify(Container.java:2652)
	at javax.swing.JComponent.removeNotify(JComponent.java:4709)
	at java.awt.Container.removeAll(Container.java:1223)
	at org.argouml.core.propertypanels.ui.XmlPropertyPanel.removeNotify(XmlPropertyPanel.java:118)
	at java.awt.Container.remove(Container.java:1139)
	at java.awt.Container.remove(Container.java:1197)
	at org.argouml.uml.ui.TabProps.setTarget(TabProps.java:227)
	at org.argouml.uml.ui.TabProps.targetAdded(TabProps.java:356)
	at org.argouml.ui.targetmanager.TargetManager.fireTargetAdded(TargetManager.java:793)
	at org.argouml.ui.targetmanager.TargetManager.internalOnSetTarget(TargetManager.java:478)
	at org.argouml.ui.targetmanager.TargetManager.addTarget(TargetManager.java:619)
	at org.argouml.uml.diagram.ui.TabDiagram.selectionChanged(TabDiagram.java:311)
	at org.tigris.gef.base.SelectionManager.fireSelectionChanged(SelectionManager.java:1032)
	at org.tigris.gef.base.SelectionManager.select(SelectionManager.java:182)
	at org.tigris.gef.base.ModeSelect.mousePressed(ModeSelect.java:187)
	at org.tigris.gef.base.ModeManager.mousePressed(ModeManager.java:230)
	at org.tigris.gef.base.Editor.mousePressed(Editor.java:841)
	at java.awt.AWTEventMulticaster.mousePressed(AWTEventMulticaster.java:262)
	at java.awt.Component.processMouseEvent(Component.java:6411)
	at javax.swing.JComponent.processMouseEvent(JComponent.java:3275)
	at org.tigris.gef.graph.presentation.JGraphInternalPane.processMouseEvent(JGraph.java:673)
	at java.awt.Component.processEvent(Component.java:6179)
	at java.awt.Container.processEvent(Container.java:2084)
	at java.awt.Component.dispatchEventImpl(Component.java:4776)
	at java.awt.Container.dispatchEventImpl(Container.java:2142)
	at java.awt.Component.dispatchEvent(Component.java:4604)
	at java.awt.LightweightDispatcher.retargetMouseEvent(Container.java:4618)
	at java.awt.LightweightDispatcher.processMouseEvent(Container.java:4276)
	at java.awt.LightweightDispatcher.dispatchEvent(Container.java:4209)
	at java.awt.Container.dispatchEventImpl(Container.java:2128)
	at java.awt.Window.dispatchEventImpl(Window.java:2492)
	at java.awt.Component.dispatchEvent(Component.java:4604)
	at java.awt.EventQueue.dispatchEventImpl(EventQueue.java:717)
	at java.awt.EventQueue.access$400(EventQueue.java:82)
	at java.awt.EventQueue$2.run(EventQueue.java:676)
	at java.awt.EventQueue$2.run(EventQueue.java:674)
	at java.security.AccessController.doPrivileged(Native Method)
	at java.security.AccessControlContext$1.doIntersectionPrivilege(AccessControlContext.java:86)
	at java.security.AccessControlContext$1.doIntersectionPrivilege(AccessControlContext.java:97)
	at java.awt.EventQueue$3.run(EventQueue.java:690)
	at java.awt.EventQueue$3.run(EventQueue.java:688)
	at java.security.AccessController.doPrivileged(Native Method)
	at java.security.AccessControlContext$1.doIntersectionPrivilege(AccessControlContext.java:86)
	at java.awt.EventQueue.dispatchEvent(EventQueue.java:687)
	at java.awt.EventDispatchThread.pumpOneEventForFilters(EventDispatchThread.java:296)
	at java.awt.EventDispatchThread.pumpEventsForFilter(EventDispatchThread.java:211)
	at java.awt.EventDispatchThread.pumpEventsForHierarchy(EventDispatchThread.java:201)
	at java.awt.EventDispatchThread.pumpEvents(EventDispatchThread.java:196)
	at java.awt.EventDispatchThread.pumpEvents(EventDispatchThread.java:188)
	at java.awt.EventDispatchThread.run(EventDispatchThread.java:122)
Caused by: javax.jmi.reflect.InvalidObjectException: Object with MOFID -64--88-1-106--2fbb8f37:14dbce72914:-8000:0000000000000867 no longer exists.
	at org.netbeans.mdr.handlers.BaseObjectHandler._getDelegate(BaseObjectHandler.java:353)
	at org.netbeans.mdr.handlers.InstanceHandler.getInstanceDelegate(InstanceHandler.java:48)
	at org.netbeans.mdr.handlers.InstanceHandler._handleGetR(InstanceHandler.java:103)
	at org.omg.uml.behavioralelements.collaborations.ClassifierRole$Impl.getBase(Unknown Source)
	at org.argouml.model.mdr.FacadeMDRImpl.getBases(FacadeMDRImpl.java:1391)
	... 52 more
2015-06-04 11:54:00,155 ERROR: While calling targetSet for org.argouml.ui.targetmanager.TargetEvent[source=org.argouml.ui.targetmanager.TargetManager@8094cc7] in org.argouml.uml.ui.TabProps[,11,33,899x214,invalid,hidden,layout=java.awt.BorderLayout,alignmentX=0.0,alignmentY=0.0,border=,flags=9,maximumSize=,minimumSize=,preferredSize=] an error is thrown. (TargetManager.java:775)
org.argouml.model.InvalidElementException: javax.jmi.reflect.InvalidObjectException: Object with MOFID -64--88-1-106--2fbb8f37:14dbce72914:-8000:000000000000086A no longer exists.
	at org.argouml.model.mdr.FacadeMDRImpl.getBases(FacadeMDRImpl.java:1394)
	at org.argouml.core.propertypanels.ui.UMLClassifierRoleAvailableContentsListModel.removeModelEventListener(UMLClassifierRoleAvailableContentsListModel.java:154)
	at org.argouml.core.propertypanels.ui.RowSelector.removeNotify(RowSelector.java:590)
	at java.awt.Container.removeNotify(Container.java:2652)
	at javax.swing.JComponent.removeNotify(JComponent.java:4709)
	at java.awt.Container.removeAll(Container.java:1223)
	at org.argouml.core.propertypanels.ui.XmlPropertyPanel.removeNotify(XmlPropertyPanel.java:118)
	at java.awt.Container.remove(Container.java:1139)
	at java.awt.Container.remove(Container.java:1197)
	at org.argouml.uml.ui.TabProps.setTarget(TabProps.java:227)
	at org.argouml.uml.ui.TabProps.targetSet(TabProps.java:379)
	at org.argouml.ui.targetmanager.TargetManager.fireTargetSet(TargetManager.java:772)
	at org.argouml.ui.targetmanager.TargetManager.internalOnSetTarget(TargetManager.java:475)
	at org.argouml.ui.targetmanager.TargetManager.setTargets(TargetManager.java:584)
	at org.argouml.ui.explorer.ExplorerTree$ExplorerTreeSelectionListener.valueChanged(ExplorerTree.java:465)
	at javax.swing.JTree.fireValueChanged(JTree.java:2820)
	at javax.swing.JTree$TreeSelectionRedirector.valueChanged(JTree.java:3191)
	at javax.swing.tree.DefaultTreeSelectionModel.fireValueChanged(DefaultTreeSelectionModel.java:629)
	at javax.swing.tree.DefaultTreeSelectionModel.notifyPathChange(DefaultTreeSelectionModel.java:1078)
	at javax.swing.tree.DefaultTreeSelectionModel.setSelectionPaths(DefaultTreeSelectionModel.java:287)
	at javax.swing.tree.DefaultTreeSelectionModel.setSelectionPath(DefaultTreeSelectionModel.java:170)
	at javax.swing.JTree.setSelectionPath(JTree.java:1598)
	at javax.swing.plaf.basic.BasicTreeUI.selectPathForEvent(BasicTreeUI.java:2317)
	at javax.swing.plaf.basic.BasicTreeUI$Handler.handleSelection(BasicTreeUI.java:3526)
	at javax.swing.plaf.basic.BasicTreeUI$Handler.mousePressed(BasicTreeUI.java:3465)
	at java.awt.AWTEventMulticaster.mousePressed(AWTEventMulticaster.java:262)
	at java.awt.AWTEventMulticaster.mousePressed(AWTEventMulticaster.java:262)
	at java.awt.AWTEventMulticaster.mousePressed(AWTEventMulticaster.java:262)
	at java.awt.Component.processMouseEvent(Component.java:6411)
	at javax.swing.JComponent.processMouseEvent(JComponent.java:3275)
	at java.awt.Component.processEvent(Component.java:6179)
	at java.awt.Container.processEvent(Container.java:2084)
	at java.awt.Component.dispatchEventImpl(Component.java:4776)
	at java.awt.Container.dispatchEventImpl(Container.java:2142)
	at java.awt.Component.dispatchEvent(Component.java:4604)
	at java.awt.LightweightDispatcher.retargetMouseEvent(Container.java:4618)
	at java.awt.LightweightDispatcher.processMouseEvent(Container.java:4276)
	at java.awt.LightweightDispatcher.dispatchEvent(Container.java:4209)
	at java.awt.Container.dispatchEventImpl(Container.java:2128)
	at java.awt.Window.dispatchEventImpl(Window.java:2492)
	at java.awt.Component.dispatchEvent(Component.java:4604)
	at java.awt.EventQueue.dispatchEventImpl(EventQueue.java:717)
	at java.awt.EventQueue.access$400(EventQueue.java:82)
	at java.awt.EventQueue$2.run(EventQueue.java:676)
	at java.awt.EventQueue$2.run(EventQueue.java:674)
	at java.security.AccessController.doPrivileged(Native Method)
	at java.security.AccessControlContext$1.doIntersectionPrivilege(AccessControlContext.java:86)
	at java.security.AccessControlContext$1.doIntersectionPrivilege(AccessControlContext.java:97)
	at java.awt.EventQueue$3.run(EventQueue.java:690)
	at java.awt.EventQueue$3.run(EventQueue.java:688)
	at java.security.AccessController.doPrivileged(Native Method)
	at java.security.AccessControlContext$1.doIntersectionPrivilege(AccessControlContext.java:86)
	at java.awt.EventQueue.dispatchEvent(EventQueue.java:687)
	at java.awt.EventDispatchThread.pumpOneEventForFilters(EventDispatchThread.java:296)
	at java.awt.EventDispatchThread.pumpEventsForFilter(EventDispatchThread.java:211)
	at java.awt.EventDispatchThread.pumpEventsForHierarchy(EventDispatchThread.java:201)
	at java.awt.EventDispatchThread.pumpEvents(EventDispatchThread.java:196)
	at java.awt.EventDispatchThread.pumpEvents(EventDispatchThread.java:188)
	at java.awt.EventDispatchThread.run(EventDispatchThread.java:122)
Caused by: javax.jmi.reflect.InvalidObjectException: Object with MOFID -64--88-1-106--2fbb8f37:14dbce72914:-8000:000000000000086A no longer exists.
	at org.netbeans.mdr.handlers.BaseObjectHandler._getDelegate(BaseObjectHandler.java:353)
	at org.netbeans.mdr.handlers.InstanceHandler.getInstanceDelegate(InstanceHandler.java:48)
	at org.netbeans.mdr.handlers.InstanceHandler._handleGetR(InstanceHandler.java:103)
	at org.omg.uml.behavioralelements.collaborations.ClassifierRole$Impl.getBase(Unknown Source)
	at org.argouml.model.mdr.FacadeMDRImpl.getBases(FacadeMDRImpl.java:1391)
	... 58 more
2015-06-04 11:54:05,614 ERROR: While calling targetSet for org.argouml.ui.targetmanager.TargetEvent[source=org.argouml.ui.targetmanager.TargetManager@8094cc7] in org.argouml.uml.ui.TabProps[,11,33,899x214,invalid,hidden,layout=java.awt.BorderLayout,alignmentX=0.0,alignmentY=0.0,border=,flags=9,maximumSize=,minimumSize=,preferredSize=] an error is thrown. (TargetManager.java:775)
org.argouml.model.InvalidElementException: javax.jmi.reflect.InvalidObjectException: Object with MOFID -64--88-1-106--2fbb8f37:14dbce72914:-8000:000000000000086A no longer exists.
	at org.argouml.model.mdr.FacadeMDRImpl.getBases(FacadeMDRImpl.java:1394)
	at org.argouml.core.propertypanels.ui.UMLClassifierRoleAvailableFeaturesListModel.removeModelEventListener(UMLClassifierRoleAvailableFeaturesListModel.java:157)
	at org.argouml.core.propertypanels.ui.RowSelector.removeNotify(RowSelector.java:590)
	at java.awt.Container.removeNotify(Container.java:2652)
	at javax.swing.JComponent.removeNotify(JComponent.java:4709)
	at java.awt.Container.removeAll(Container.java:1223)
	at org.argouml.core.propertypanels.ui.XmlPropertyPanel.removeNotify(XmlPropertyPanel.java:118)
	at java.awt.Container.remove(Container.java:1139)
	at java.awt.Container.remove(Container.java:1197)
	at org.argouml.uml.ui.TabProps.setTarget(TabProps.java:227)
	at org.argouml.uml.ui.TabProps.targetSet(TabProps.java:379)
	at org.argouml.ui.targetmanager.TargetManager.fireTargetSet(TargetManager.java:772)
	at org.argouml.ui.targetmanager.TargetManager.internalOnSetTarget(TargetManager.java:475)
	at org.argouml.ui.targetmanager.TargetManager.setTargets(TargetManager.java:584)
	at org.argouml.ui.explorer.ExplorerTree$ExplorerTreeSelectionListener.valueChanged(ExplorerTree.java:465)
	at javax.swing.JTree.fireValueChanged(JTree.java:2820)
	at javax.swing.JTree$TreeSelectionRedirector.valueChanged(JTree.java:3191)
	at javax.swing.tree.DefaultTreeSelectionModel.fireValueChanged(DefaultTreeSelectionModel.java:629)
	at javax.swing.tree.DefaultTreeSelectionModel.notifyPathChange(DefaultTreeSelectionModel.java:1078)
	at javax.swing.tree.DefaultTreeSelectionModel.setSelectionPaths(DefaultTreeSelectionModel.java:287)
	at javax.swing.tree.DefaultTreeSelectionModel.setSelectionPath(DefaultTreeSelectionModel.java:170)
	at javax.swing.JTree.setSelectionPath(JTree.java:1598)
	at javax.swing.plaf.basic.BasicTreeUI.selectPathForEvent(BasicTreeUI.java:2317)
	at javax.swing.plaf.basic.BasicTreeUI$Handler.handleSelection(BasicTreeUI.java:3526)
	at javax.swing.plaf.basic.BasicTreeUI$Handler.mousePressed(BasicTreeUI.java:3465)
	at java.awt.AWTEventMulticaster.mousePressed(AWTEventMulticaster.java:262)
	at java.awt.AWTEventMulticaster.mousePressed(AWTEventMulticaster.java:262)
	at java.awt.AWTEventMulticaster.mousePressed(AWTEventMulticaster.java:262)
	at java.awt.Component.processMouseEvent(Component.java:6411)
	at javax.swing.JComponent.processMouseEvent(JComponent.java:3275)
	at java.awt.Component.processEvent(Component.java:6179)
	at java.awt.Container.processEvent(Container.java:2084)
	at java.awt.Component.dispatchEventImpl(Component.java:4776)
	at java.awt.Container.dispatchEventImpl(Container.java:2142)
	at java.awt.Component.dispatchEvent(Component.java:4604)
	at java.awt.LightweightDispatcher.retargetMouseEvent(Container.java:4618)
	at java.awt.LightweightDispatcher.processMouseEvent(Container.java:4276)
	at java.awt.LightweightDispatcher.dispatchEvent(Container.java:4209)
	at java.awt.Container.dispatchEventImpl(Container.java:2128)
	at java.awt.Window.dispatchEventImpl(Window.java:2492)
	at java.awt.Component.dispatchEvent(Component.java:4604)
	at java.awt.EventQueue.dispatchEventImpl(EventQueue.java:717)
	at java.awt.EventQueue.access$400(EventQueue.java:82)
	at java.awt.EventQueue$2.run(EventQueue.java:676)
	at java.awt.EventQueue$2.run(EventQueue.java:674)
	at java.security.AccessController.doPrivileged(Native Method)
	at java.security.AccessControlContext$1.doIntersectionPrivilege(AccessControlContext.java:86)
	at java.security.AccessControlContext$1.doIntersectionPrivilege(AccessControlContext.java:97)
	at java.awt.EventQueue$3.run(EventQueue.java:690)
	at java.awt.EventQueue$3.run(EventQueue.java:688)
	at java.security.AccessController.doPrivileged(Native Method)
	at java.security.AccessControlContext$1.doIntersectionPrivilege(AccessControlContext.java:86)
	at java.awt.EventQueue.dispatchEvent(EventQueue.java:687)
	at java.awt.EventDispatchThread.pumpOneEventForFilters(EventDispatchThread.java:296)
	at java.awt.EventDispatchThread.pumpEventsForFilter(EventDispatchThread.java:211)
	at java.awt.EventDispatchThread.pumpEventsForHierarchy(EventDispatchThread.java:201)
	at java.awt.EventDispatchThread.pumpEvents(EventDispatchThread.java:196)
	at java.awt.EventDispatchThread.pumpEvents(EventDispatchThread.java:188)
	at java.awt.EventDispatchThread.run(EventDispatchThread.java:122)
Caused by: javax.jmi.reflect.InvalidObjectException: Object with MOFID -64--88-1-106--2fbb8f37:14dbce72914:-8000:000000000000086A no longer exists.
	at org.netbeans.mdr.handlers.BaseObjectHandler._getDelegate(BaseObjectHandler.java:353)
	at org.netbeans.mdr.handlers.InstanceHandler.getInstanceDelegate(InstanceHandler.java:48)
	at org.netbeans.mdr.handlers.InstanceHandler._handleGetR(InstanceHandler.java:103)
	at org.omg.uml.behavioralelements.collaborations.ClassifierRole$Impl.getBase(Unknown Source)
	at org.argouml.model.mdr.FacadeMDRImpl.getBases(FacadeMDRImpl.java:1391)
	... 58 more
2015-06-04 19:03:58,191 ERROR: Failed to find any loadable ArgoUML modules in jar /Applications/ArgoUML.app/Contents/Resources/Java/ext/anarres-cpp-no-dependencies-1.2.3.jar (ModuleLoader2.java:652)
2015-06-04 19:03:58,312 ERROR: Failed to find any loadable ArgoUML modules in jar /Applications/ArgoUML.app/Contents/Resources/Java/ext/antlr-2.7.7.jar (ModuleLoader2.java:652)
2015-06-04 19:03:58,349 ERROR: Failed to find any loadable ArgoUML modules in jar /Applications/ArgoUML.app/Contents/Resources/Java/ext/antlr-runtime-3.1.1.jar (ModuleLoader2.java:652)
2015-06-04 19:03:59,341  WARN: No class name translation found for panel: Primitive (MetaDataCache.java:129)
